<?xml version="1.0" encoding="UTF-8" ?>
<testsuite tests="5" failures="0" name="gunindex.persistence.GunDaoTestCase" time="0.005" errors="0" skipped="0">
  <properties>
[...]
</properties>
  <testcase classname="gunindex.persistence.GunDaoTestCase" name="testLoad" time="0.004"/>
  <testcase classname="gunindex.persistence.GunDaoTestCase" name="testPersist" time="0"/>
  <testcase classname="gunindex.persistence.GunDaoTestCase" name="testLoadSparse" time="0"/>
  <testcase classname="gunindex.persistence.GunDaoTestCase" name="testPersistSparse" time="0"/>
  <testcase classname="gunindex.persistence.GunDaoTestCase" name="testLoadPropertyWithNoValue" time="0.001"/>
</testsuite>